2022-10-11 15:15:43,284 - pyswarms.single.global_best - INFO - Optimize for 2 iters with {'c1': 0.5, 'c2': 0.5, 'w': 0.75}
2022-10-11 15:18:46,046 - pyswarms.single.global_best - INFO - Optimize for 2 iters with {'c1': 0.5, 'c2': 0.5, 'w': 0.75}
2022-10-11 18:24:20,488 - pyswarms.single.global_best - INFO - Optimize for 50 iters with {'c1': 0.5, 'c2': 0.5, 'w': 0.75}
2022-10-11 18:27:12,000 - pyswarms.single.global_best - INFO - Optimize for 50 iters with {'c1': 0.5, 'c2': 0.5, 'w': 0.75}
2022-10-13 09:47:27,353 - pyswarms.single.global_best - INFO - Optimize for 3 iters with {'c1': 0.5, 'c2': 0.5, 'w': 0.75}
2022-10-13 10:26:51,043 - pyswarms.single.global_best - INFO - Optimization finished | best cost: 348.028732366994, best pos: [0.67435087 0.6593973  0.29785739]
2022-10-13 11:29:41,927 - pyswarms.single.global_best - INFO - Optimize for 3 iters with {'c1': 0.5, 'c2': 0.5, 'w': 0.75}
2022-10-13 11:29:41,946 - pyswarms.single.global_best - INFO - Optimization finished | best cost: 0.08184494017674739, best pos: [0.13185522 0.23080893 0.10576569]
2022-10-13 11:30:36,757 - pyswarms.single.global_best - INFO - Optimize for 10 iters with {'c1': 0.5, 'c2': 0.5, 'w': 0.75}
2022-10-13 11:30:36,810 - pyswarms.single.global_best - INFO - Optimization finished | best cost: 0.018635043567283145, best pos: [-0.06942768  0.10077583 -0.06049027]
2022-10-13 11:30:51,609 - pyswarms.single.global_best - INFO - Optimize for 50 iters with {'c1': 0.5, 'c2': 0.5, 'w': 0.75}
2022-10-13 11:30:51,873 - pyswarms.single.global_best - INFO - Optimization finished | best cost: 5.913324781791382e-08, best pos: [-5.74564294e-05 -8.04513326e-05  2.22170182e-04]
2022-10-13 11:32:17,940 - pyswarms.single.global_best - INFO - Optimize for 50 iters with {'c1': 0.5, 'c2': 0.5, 'w': 0.75}
2022-10-13 11:32:18,932 - pyswarms.single.global_best - INFO - Optimization finished | best cost: 2.7637496836262335e-08, best pos: [ 4.59118136e-05 -7.92402658e-05 -1.38746468e-04]
2022-10-13 11:33:28,476 - pyswarms.single.global_best - INFO - Optimize for 50 iters with {'c1': 0.5, 'c2': 0.5, 'w': 0.75}
2022-10-13 11:33:29,741 - pyswarms.single.global_best - INFO - Optimization finished | best cost: 2.741114812298557e-08, best pos: [-9.55440399e-05  1.12394118e-04  7.51667934e-05]
2022-10-13 11:39:03,909 - pyswarms.single.global_best - INFO - Optimize for 50 iters with {'c1': 0.5, 'c2': 0.5, 'w': 0.75}
2022-10-13 11:39:04,836 - pyswarms.single.global_best - INFO - Optimization finished | best cost: 3.1409871433811907e-07, best pos: [ 1.99650129e-04  5.22363726e-04 -3.70766456e-05]
2022-10-13 11:45:28,103 - pyswarms.single.global_best - INFO - Optimize for 5 iters with {'c1': 0.5, 'c2': 0.5, 'w': 0.75}
2022-10-13 11:45:28,185 - pyswarms.single.global_best - INFO - Optimization finished | best cost: 0.11176245508393279, best pos: [0.30940755 0.02925416 0.12318123]
2022-10-13 11:46:05,606 - pyswarms.single.global_best - INFO - Optimize for 5 iters with {'c1': 0.5, 'c2': 0.5, 'w': 0.75}
2022-10-13 11:46:05,636 - pyswarms.single.global_best - INFO - Optimization finished | best cost: 0.13277168152942603, best pos: [0.01733168 0.2145141  0.29403231]
2022-10-13 11:46:21,690 - pyswarms.single.global_best - INFO - Optimize for 5 iters with {'c1': 0.5, 'c2': 0.5, 'w': 0.75}
2022-10-13 11:46:21,719 - pyswarms.single.global_best - INFO - Optimization finished | best cost: 0.13015442081004333, best pos: [0.21764635 0.01125612 0.28750267]
2022-10-13 11:46:30,404 - pyswarms.single.global_best - INFO - Optimize for 5 iters with {'c1': 0.5, 'c2': 0.5, 'w': 0.75}
2022-10-13 11:46:53,703 - pyswarms.single.global_best - INFO - Optimize for 5 iters with {'c1': 0.5, 'c2': 0.5, 'w': 0.75}
2022-10-13 11:47:03,864 - pyswarms.single.global_best - INFO - Optimize for 5 iters with {'c1': 0.5, 'c2': 0.5, 'w': 0.75}
2022-10-13 11:47:15,564 - pyswarms.single.global_best - INFO - Optimize for 5 iters with {'c1': 0.5, 'c2': 0.5, 'w': 0.75}
2022-10-13 11:47:46,101 - pyswarms.single.global_best - INFO - Optimize for 5 iters with {'c1': 0.5, 'c2': 0.5, 'w': 0.75}
2022-10-13 11:48:03,780 - pyswarms.single.global_best - INFO - Optimize for 5 iters with {'c1': 0.5, 'c2': 0.5, 'w': 0.75}
2022-10-13 11:48:03,814 - pyswarms.single.global_best - INFO - Optimization finished | best cost: 0.19039427804647918, best pos: [ 0.34230388  0.26585608 -0.05042695]
2022-10-13 11:48:13,999 - pyswarms.single.global_best - INFO - Optimize for 5 iters with {'c1': 0.5, 'c2': 0.5, 'w': 0.75}
2022-10-13 11:48:14,037 - pyswarms.single.global_best - INFO - Optimization finished | best cost: 0.04167842866955822, best pos: [0.02509937 0.20165809 0.01955669]
2022-10-13 11:50:12,063 - pyswarms.single.global_best - INFO - Optimize for 5 iters with {'c1': 0.5, 'c2': 0.5, 'w': 0.75}
2022-10-13 11:50:12,089 - pyswarms.single.global_best - INFO - Optimization finished | best cost: 0.24175819206338164, best pos: [0.17728682 0.35398574 0.29158475]
2022-10-13 11:50:19,872 - pyswarms.single.global_best - INFO - Optimize for 5 iters with {'c1': 0.5, 'c2': 0.5, 'w': 0.75}
2022-10-13 11:50:19,902 - pyswarms.single.global_best - INFO - Optimization finished | best cost: 0.10382404609190603, best pos: [-0.03961756  0.27526023  0.16274613]
2022-10-13 11:50:23,837 - pyswarms.single.global_best - INFO - Optimize for 5 iters with {'c1': 0.5, 'c2': 0.5, 'w': 0.75}
2022-10-13 11:55:55,615 - pyswarms.single.global_best - INFO - Optimize for 5 iters with {'c1': 0.5, 'c2': 0.5, 'w': 0.75}
2022-10-13 13:00:18,742 - pyswarms.single.global_best - INFO - Optimization finished | best cost: 348.028732366994, best pos: [0.57967639 0.35191352 0.84360176]
